[debug] [2023-05-02T08:35:22.158Z] ----------------------------------------------------------------------
[debug] [2023-05-02T08:35:22.161Z] Command:       C:\Program Files\nodejs\node.exe C:\Program Files\nodejs\node_modules\firebase-tools\lib\bin\firebase.js init
[debug] [2023-05-02T08:35:22.161Z] CLI Version:   11.29.1
[debug] [2023-05-02T08:35:22.162Z] Platform:      win32
[debug] [2023-05-02T08:35:22.162Z] Node Version:  v19.0.1
[debug] [2023-05-02T08:35:22.162Z] Time:          Tue May 02 2023 10:35:22 GMT+0200 (heure d’été d’Europe centrale)
[debug] [2023-05-02T08:35:22.162Z] ----------------------------------------------------------------------
[debug] 
[debug] [2023-05-02T08:35:22.170Z] > command requires scopes: ["email","openid","https://www.googleapis.com/auth/cloudplatformprojects.readonly","https://www.googleapis.com/auth/firebase","https://www.googleapis.com/auth/cloud-platform"]
[debug] [2023-05-02T08:35:22.171Z] > authorizing via signed-in user (boireauguy@gmail.com)
[info] 
     ######## #### ########  ######## ########     ###     ######  ########
     ##        ##  ##     ## ##       ##     ##  ##   ##  ##       ##
     ######    ##  ########  ######   ########  #########  ######  ######
     ##        ##  ##    ##  ##       ##     ## ##     ##       ## ##
     ##       #### ##     ## ######## ########  ##     ##  ######  ########

You're about to initialize a Firebase project in this directory:

  C:\Users\guybo\Documents\Ynov\Project-React\Project-React

[info] 
=== Project Setup
[info] 
[info] First, let's associate this project directory with a Firebase project.
[info] You can create multiple project aliases by running firebase use --add, 
[info] but for now we'll just set up a default project.
[info] 
[info] i  If you want to create a project in a Google Cloud organization or folder, please use "firebase projects:create" instead, and return to this command when you've created the project. 
[debug] [2023-05-02T08:35:56.241Z] >>> [apiv2][query] POST https://cloudresourcemanager.googleapis.com/v1/projects [none]
[debug] [2023-05-02T08:35:56.242Z] >>> [apiv2][body] POST https://cloudresourcemanager.googleapis.com/v1/projects {"projectId":"project-react","name":"project-react"}
[debug] [2023-05-02T08:35:57.045Z] <<< [apiv2][status] POST https://cloudresourcemanager.googleapis.com/v1/projects 409
[debug] [2023-05-02T08:35:57.045Z] <<< [apiv2][body] POST https://cloudresourcemanager.googleapis.com/v1/projects {"error":{"code":409,"message":"Requested entity already exists","status":"ALREADY_EXISTS"}}
[debug] [2023-05-02T08:35:57.138Z] FirebaseError: HTTP Error: 409, Requested entity already exists
    at responseToError (C:\Users\guybo\AppData\Roaming\nvm\v19.0.1\node_modules\firebase-tools\lib\responseToError.js:49:12)
    at RetryOperation._fn (C:\Users\guybo\AppData\Roaming\nvm\v19.0.1\node_modules\firebase-tools\lib\apiv2.js:288:77)
    at process.processTicksAndRejections (node:internal/process/task_queues:95:5)
[error] 
[error] Error: Failed to create project because there is already a project with ID project-react. Please try again with a unique project ID.
